<?xml version="1.0" encoding="UTF-8"?>
<!-- Generated by org.testng.reporters.JUnitXMLReporter -->
<testsuite ignored="0" hostname="LUCIANOPC" failures="0" tests="3" name="Test" time="27.426" errors="0" timestamp="2023-02-23T15:38:34 BRT">
  <testcase classname="remoteTesting.dockerValidation.chromeTest2" name="test2" time="21.992"/>
  <testcase classname="remoteTesting.dockerValidation.chromeTest1" name="test1" time="24.48"/>
  <testcase classname="remoteTesting.dockerValidation.chromeTest3" name="test3" time="27.402"/>
</testsuite> <!-- Test -->
