<?xml version="1.0" encoding="UTF-8"?>
<!-- Generated by org.testng.reporters.JUnitXMLReporter -->
<testsuite ignored="0" hostname="LUCIANOPC" failures="0" tests="3" name="Test" time="14.284" errors="0" timestamp="2023-02-24T11:19:30 BRT">
  <testcase classname="remoteTesting.dockerValidation.chromeTest1" name="test1" time="3.954"/>
  <testcase classname="remoteTesting.dockerValidation.chromeTest3" name="test3" time="6.991"/>
  <testcase classname="remoteTesting.dockerValidation.chromeTest2" name="test2" time="14.26"/>
</testsuite> <!-- Test -->
